{"/home/josue/Área de Trabalho/projects/jsExpert/modulo02/aula04-coverage-e2e/api.js":{"path":"/home/josue/Área de Trabalho/projects/jsExpert/modulo02/aula04-coverage-e2e/api.js","statementMap":{"0":{"start":{"line":1,"column":13},"end":{"line":1,"column":28}},"1":{"start":{"line":3,"column":15},"end":{"line":12,"column":1}},"2":{"start":{"line":5,"column":4},"end":{"line":5,"column":38}},"3":{"start":{"line":6,"column":4},"end":{"line":6,"column":26}},"4":{"start":{"line":9,"column":4},"end":{"line":9,"column":34}},"5":{"start":{"line":10,"column":4},"end":{"line":10,"column":26}},"6":{"start":{"line":13,"column":16},"end":{"line":22,"column":1}},"7":{"start":{"line":14,"column":26},"end":{"line":14,"column":33}},"8":{"start":{"line":15,"column":19},"end":{"line":15,"column":51}},"9":{"start":{"line":16,"column":2},"end":{"line":16,"column":32}},"10":{"start":{"line":16,"column":25},"end":{"line":16,"column":32}},"11":{"start":{"line":17,"column":17},"end":{"line":17,"column":51}},"12":{"start":{"line":18,"column":2},"end":{"line":20,"column":5}},"13":{"start":{"line":21,"column":2},"end":{"line":21,"column":35}},"14":{"start":{"line":24,"column":12},"end":{"line":26,"column":55}},"15":{"start":{"line":26,"column":22},"end":{"line":26,"column":54}},"16":{"start":{"line":28,"column":0},"end":{"line":28,"column":21}}},"fnMap":{"0":{"name":"(anonymous_0)","decl":{"start":{"line":4,"column":18},"end":{"line":4,"column":19}},"loc":{"start":{"line":4,"column":41},"end":{"line":7,"column":3}},"line":4},"1":{"name":"(anonymous_1)","decl":{"start":{"line":8,"column":11},"end":{"line":8,"column":12}},"loc":{"start":{"line":8,"column":34},"end":{"line":11,"column":3}},"line":8},"2":{"name":"(anonymous_2)","decl":{"start":{"line":13,"column":16},"end":{"line":13,"column":17}},"loc":{"start":{"line":13,"column":45},"end":{"line":22,"column":1}},"line":13},"3":{"name":"(anonymous_3)","decl":{"start":{"line":26,"column":16},"end":{"line":26,"column":17}},"loc":{"start":{"line":26,"column":22},"end":{"line":26,"column":54}},"line":26}},"branchMap":{"0":{"loc":{"start":{"line":16,"column":2},"end":{"line":16,"column":32}},"type":"if","locations":[{"start":{"line":16,"column":2},"end":{"line":16,"column":32}},{"start":{"line":16,"column":2},"end":{"line":16,"column":32}}],"line":16},"1":{"loc":{"start":{"line":17,"column":17},"end":{"line":17,"column":51}},"type":"binary-expr","locations":[{"start":{"line":17,"column":17},"end":{"line":17,"column":33}},{"start":{"line":17,"column":37},"end":{"line":17,"column":51}}],"line":17}},"s":{"0":1,"1":1,"2":1,"3":1,"4":1,"5":1,"6":1,"7":2,"8":2,"9":2,"10":0,"11":2,"12":2,"13":2,"14":1,"15":1,"16":1},"f":{"0":1,"1":1,"2":2,"3":1},"b":{"0":[0,2],"1":[2,1]},"_coverageSchema":"1a1c01bbd47fc00a2c39e90264f33305004495a9","hash":"149f557be7f6fc4895a0aceb56b17d462d2f58c5","contentHash":"cb67005d9ff388174d9d7ce4cb4c9c1dcbe1747290076e99cb45fcb15cdc3d21"}}